<?xml version="1.0" encoding="UTF-8"?>
<!-- Generated by org.testng.reporters.JUnitReportReporter -->
<testsuite hostname="Dheya" failures="0" tests="3" name="testng_hw.Reg" time="24.175" errors="0" timestamp="2023-07-26T21:10:27 EDT" skipped="0">
  <testcase classname="testng_hw.Reg" name="Register1" time="7.764"/>
  <testcase classname="testng_hw.Reg" name="Register2" time="8.734"/>
  <testcase classname="testng_hw.Reg" name="Register3" time="7.677"/>
</testsuite> <!-- testng_hw.Reg -->
