<?xml version="1.0" encoding="UTF-8"?>
<!-- Generated by org.testng.reporters.JUnitReportReporter -->
<testsuite hostname="Dheya" failures="0" tests="2" name="Dataprovider_TestNG.Data_provider_Register_2" time="17.430" errors="0" timestamp="2023-07-29T20:17:11 EDT" skipped="0">
  <testcase classname="Dataprovider_TestNG.Data_provider_Register_2" name="test1" time="9.147"/>
  <testcase classname="Dataprovider_TestNG.Data_provider_Register_2" name="test2" time="8.283"/>
</testsuite> <!-- Dataprovider_TestNG.Data_provider_Register_2 -->
