<?xml version="1.0" encoding="UTF-8"?>
<!-- Generated by org.testng.reporters.JUnitReportReporter -->
<testsuite hostname="Dheya" failures="0" tests="3" name="testng_hw.TestNG_login" time="21.219" errors="0" timestamp="2023-07-26T21:12:38 EDT" skipped="0">
  <testcase classname="testng_hw.TestNG_login" name="Login1" time="6.536"/>
  <testcase classname="testng_hw.TestNG_login" name="Login2" time="7.812"/>
  <testcase classname="testng_hw.TestNG_login" name="Login3" time="6.871"/>
</testsuite> <!-- testng_hw.TestNG_login -->
